生成启动时间为 2017/8/23 22:28:05。
     1>项目“E:\BingObjectnessCVPR14\LibLinear\LibLinear.vcxproj”在节点 2 上(Rebuild 个目标)。
     1>ClCompile:
         D:\Program Files (x86)\Microsoft Visual Studio 12.0\VC\bin\CL.exe /c /Zi /nologo /W3 /WX- /O2 /Oi /Oy- /GL /D WIN32 /D NDEBUG /D _LIB /D _MBCS /Gm- /EHsc /MD /GS /Gy /fp:precise /Zc:wchar_t /Zc:forScope /Fo"Release\\" /Fd"Release\vc120.pdb" /Gd /TC /analyze- /errorReport:prompt blas\daxpy.c blas\ddot.c blas\dnrm2.c blas\dscal.c train.c
         daxpy.c
         ddot.c
         dnrm2.c
         dscal.c
         train.c
         D:\Program Files (x86)\Microsoft Visual Studio 12.0\VC\bin\CL.exe /c /Zi /nologo /W3 /WX- /O2 /Oi /Oy- /GL /D WIN32 /D NDEBUG /D _LIB /D _MBCS /Gm- /EHsc /MD /GS /Gy /fp:precise /Zc:wchar_t /Zc:forScope /Fo"Release\\" /Fd"Release\vc120.pdb" /Gd /TP /analyze- /errorReport:prompt linear.cpp tron.cpp
         linear.cpp
         tron.cpp
       Lib:
         D:\Program Files (x86)\Microsoft Visual Studio 12.0\VC\bin\Lib.exe /OUT:"E:\BingObjectnessCVPR14\Release\LibLinear.lib" /NOLOGO /LTCG Release\daxpy.obj
         Release\ddot.obj
         Release\dnrm2.obj
         Release\dscal.obj
         Release\linear.obj
         Release\train.obj
         Release\tron.obj
         LibLinear.vcxproj -> E:\BingObjectnessCVPR14\Release\LibLinear.lib
     1>已完成生成项目“E:\BingObjectnessCVPR14\LibLinear\LibLinear.vcxproj”(Rebuild 个目标)的操作。

生成成功。

已用时间 00:00:00.87
