生成启动时间为 2017/8/23 21:17:00。
     1>项目“E:\BingObjectnessCVPR14\LibLinear\LibLinear.vcxproj”在节点 2 上(Rebuild 个目标)。
     1>ClCompile:
         D:\Program Files (x86)\Microsoft Visual Studio 12.0\VC\bin\x86_amd64\CL.exe /c /Zi /nologo /W3 /WX- /Od /D WIN32 /D _DEBUG /D _LIB /D _MBCS /Gm /EHsc /RTC1 /MDd /GS /fp:precise /Zc:wchar_t /Zc:forScope /Fo"x64\Debug\\" /Fd"x64\Debug\vc120.pdb" /Gd /TC /errorReport:prompt blas\daxpy.c blas\ddot.c blas\dnrm2.c blas\dscal.c train.c
         train.c
         dscal.c
         dnrm2.c
         ddot.c
         daxpy.c
         正在生成代码...
         D:\Program Files (x86)\Microsoft Visual Studio 12.0\VC\bin\x86_amd64\CL.exe /c /Zi /nologo /W3 /WX- /Od /D WIN32 /D _DEBUG /D _LIB /D _MBCS /Gm /EHsc /RTC1 /MDd /GS /fp:precise /Zc:wchar_t /Zc:forScope /Fo"x64\Debug\\" /Fd"x64\Debug\vc120.pdb" /Gd /TP /errorReport:prompt linear.cpp tron.cpp
         tron.cpp
         linear.cpp
         正在生成代码...
       Lib:
         D:\Program Files (x86)\Microsoft Visual Studio 12.0\VC\bin\x86_amd64\Lib.exe /OUT:"E:\BingObjectnessCVPR14\x64\Debug\LibLinear.lib" /NOLOGO /MACHINE:X64 x64\Debug\daxpy.obj
         x64\Debug\ddot.obj
         x64\Debug\dnrm2.obj
         x64\Debug\dscal.obj
         x64\Debug\linear.obj
         x64\Debug\train.obj
         x64\Debug\tron.obj
         LibLinear.vcxproj -> E:\BingObjectnessCVPR14\x64\Debug\LibLinear.lib
     1>已完成生成项目“E:\BingObjectnessCVPR14\LibLinear\LibLinear.vcxproj”(Rebuild 个目标)的操作。

生成成功。

已用时间 00:00:00.92
